[1.006][INFO]: COMMAND InitSession {
   "capabilities": {
      "alwaysMatch": {
         "browserName": "chrome",
         "goog:chromeOptions": {
            "args": [  ],
            "extensions": [  ]
         },
         "platformName": "any"
      },
      "firstMatch": [ {

      } ]
   },
   "desiredCapabilities": {
      "browserName": "chrome",
      "goog:chromeOptions": {
         "args": [  ],
         "extensions": [  ]
      },
      "platform": "ANY",
      "version": ""
   }
}
[1.007][INFO]: Populating Preferences file: {
   "alternate_error_pages": {
      "enabled": false
   },
   "autofill": {
      "enabled": false
   },
   "browser": {
      "check_default_browser": false
   },
   "distribution": {
      "import_bookmarks": false,
      "import_history": false,
      "import_search_engine": false,
      "make_chrome_default_for_user": false,
      "skip_first_run_ui": true
   },
   "dns_prefetching": {
      "enabled": false
   },
   "profile": {
      "content_settings": {
         "pattern_pairs": {
            "https://*,*": {
               "media-stream": {
                  "audio": "Default",
                  "video": "Default"
               }
            }
         }
      },
      "default_content_setting_values": {
         "geolocation": 1
      },
      "default_content_settings": {
         "geolocation": 1,
         "mouselock": 1,
         "notifications": 1,
         "popups": 1,
         "ppapi-broker": 1
      },
      "password_manager_enabled": false
   },
   "safebrowsing": {
      "enabled": false
   },
   "search": {
      "suggest_enabled": false
   },
   "translate": {
      "enabled": false
   }
}
[1.007][INFO]: Populating Local State file: {
   "background_mode": {
      "enabled": false
   },
   "ssl": {
      "rev_checking": {
         "enabled": false
      }
   }
}
[1.008][INFO]: Launching chrome: /opt/google/chrome/google-chrome --disable-background-networking --disable-client-side-phishing-detection --disable-default-apps --disable-hang-monitor --disable-popup-blocking --disable-prompt-on-repost --disable-sync --disable-web-resources --enable-automation --enable-logging --force-fieldtrials=SiteIsolationExtensions/Control --ignore-certificate-errors --load-extension=/tmp/.org.chromium.Chromium.cVwwBF/internal --log-level=0 --metrics-recording-only --no-first-run --password-store=basic --remote-debugging-port=12849 --test-type=webdriver --use-mock-keychain --user-data-dir=/tmp/.org.chromium.Chromium.XZVvst data:,
[1.476][INFO]: resolved localhost to ["127.0.0.1"]
[1.539][INFO]: RESPONSE InitSession {
   "acceptSslCerts": true,
   "applicationCacheEnabled": false,
   "browserConnectionEnabled": false,
   "browserName": "chrome",
   "chrome": {
      "chromedriverVersion": "2.34.522913 (36222509aa6e819815938cbf2709b4849735537c)",
      "userDataDir": "/tmp/.org.chromium.Chromium.XZVvst"
   },
   "cssSelectorsEnabled": true,
   "databaseEnabled": false,
   "handlesAlerts": true,
   "hasTouchScreen": false,
   "javascriptEnabled": true,
   "locationContextEnabled": true,
   "mobileEmulationEnabled": false,
   "nativeEvents": true,
   "networkConnectionEnabled": false,
   "pageLoadStrategy": "normal",
   "platform": "Linux",
   "rotatable": false,
   "setWindowRect": true,
   "takesHeapSnapshot": true,
   "~~~": "..."
}
[1.540][INFO]: COMMAND SetImplicitWait {
   "ms": 3000.0,
   "sessionId": "a0cd66945433b945f579768cab9161df"
}
[1.540][INFO]: RESPONSE SetImplicitWait
[1.542][INFO]: COMMAND SetTimeout {
   "pageLoad": 10000,
   "sessionId": "a0cd66945433b945f579768cab9161df"
}
[1.543][INFO]: RESPONSE SetTimeout unknown error: 'ms' must be a double
  (Session info: chrome=62.0.3202.75)
[1.545][INFO]: COMMAND SetTimeout {
   "ms": 10000.0,
   "sessionId": "a0cd66945433b945f579768cab9161df",
   "type": "page load"
}
[1.545][INFO]: RESPONSE SetTimeout
[81.068][INFO]: COMMAND Navigate {
   "sessionId": "a0cd66945433b945f579768cab9161df",
   "url": "http://localhost:8615/"
}
[81.068][INFO]: Waiting for pending navigations...
[81.072][INFO]: Done waiting for pending navigations. Status: ok
[81.252][INFO]: Waiting for pending navigations...
[81.461][INFO]: Done waiting for pending navigations. Status: ok
[81.461][INFO]: RESPONSE Navigate
[1047006.982][INFO]: COMMAND QuitAll {

}
[1047006.983][INFO]: RESPONSE QuitAll
